[0m09:54:01.700287 [debug] [MainThread]: Sending event: {'category': 'dbt', 'action': 'invocation', 'label': 'start', 'context': [<snowplow_tracker.self_describing_json.SelfDescribingJson object at 0x1052fe630>, <snowplow_tracker.self_describing_json.SelfDescribingJson object at 0x105a0c470>, <snowplow_tracker.self_describing_json.SelfDescribingJson object at 0x105a0c200>]}


============================== 09:54:01.704873 | 19715c64-96b5-4d76-9211-212a71a8f170 ==============================
[0m09:54:01.704873 [info ] [MainThread]: Running with dbt=1.11.7
[0m09:54:01.705373 [debug] [MainThread]: running dbt with arguments {'invocation_command': 'dbt init retail_pipeline', 'empty': 'None', 'printer_width': '80', 'log_path': 'logs', 'fail_fast': 'False', 'use_experimental_parser': 'False', 'version_check': 'True', 'target_path': 'None', 'cache_selected_only': 'False', 'warn_error': 'None', 'partial_parse': 'True', 'no_print': 'None', 'write_json': 'True', 'warn_error_options': 'WarnErrorOptionsV2(error=[], warn=[], silence=[])', 'introspect': 'True', 'quiet': 'False', 'use_colors': 'True', 'static_parser': 'True', 'send_anonymous_usage_stats': 'True', 'indirect_selection': 'eager', 'profiles_dir': '/Users/sreyashisaha/.dbt', 'log_cache_events': 'False', 'log_format': 'default', 'debug': 'False'}
[0m09:54:01.717830 [info ] [MainThread]: Creating dbt configuration folder at /Users/sreyashisaha/.dbt
[0m09:54:01.719164 [debug] [MainThread]: Starter project path: /Users/sreyashisaha/miniforge3/lib/python3.12/site-packages/dbt/include/starter_project
[0m09:54:01.725590 [info ] [MainThread]: 
Your new dbt project "retail_pipeline" was created!

For more information on how to configure the profiles.yml file,
please consult the dbt documentation here:

  https://docs.getdbt.com/docs/configure-your-profile

One more thing:

Need help? Don't hesitate to reach out to us via GitHub issues or on Slack:

  https://community.getdbt.com/

Happy modeling!

[0m09:54:01.725915 [info ] [MainThread]: Setting up your profile.
[0m09:54:23.390282 [debug] [MainThread]: Snowflake adapter: Setting snowflake.connector to ERROR (file logging only)
[0m09:54:23.390921 [debug] [MainThread]: Snowflake adapter: Setting botocore to ERROR (file logging only)
[0m09:54:23.391243 [debug] [MainThread]: Snowflake adapter: Setting boto3 to ERROR (file logging only)
[0m09:58:49.540551 [info ] [MainThread]: Profile retail_pipeline written to /Users/sreyashisaha/.dbt/profiles.yml using target's profile_template.yml and your supplied values. Run 'dbt debug' to validate the connection.
[0m09:58:49.661764 [debug] [MainThread]: Resource report: {"command_name": "init", "command_success": true, "command_wall_clock_time": 288.03778, "process_in_blocks": "0", "process_kernel_time": 0.465687, "process_mem_max_rss": "170754048", "process_out_blocks": "0", "process_user_time": 1.750305}
[0m09:58:49.668371 [debug] [MainThread]: Command `dbt init` succeeded at 09:58:49.668167 after 288.05 seconds
[0m09:58:49.671021 [debug] [MainThread]: Sending event: {'category': 'dbt', 'action': 'invocation', 'label': 'end', 'context': [<snowplow_tracker.self_describing_json.SelfDescribingJson object at 0x1059dbec0>, <snowplow_tracker.self_describing_json.SelfDescribingJson object at 0x10930e000>, <snowplow_tracker.self_describing_json.SelfDescribingJson object at 0x1090efb60>]}
[0m09:58:49.671854 [debug] [MainThread]: Flushing usage events
[0m09:58:52.042532 [debug] [MainThread]: An error was encountered while trying to flush usage events
